2023-08-08T14:35:03.128+05:30  INFO 20468 --- [restartedMain] com.nv.doctorapp.DoctorsApplication      : Starting DoctorsApplication using Java 17.0.7 with PID 20468 (C:\Users\MSAHEBRA\OneDrive - Capgemini\Desktop\Book My Doctor App\Backend\DoctorsApplication\bin\main started by msahebra in C:\Users\MSAHEBRA\OneDrive - Capgemini\Desktop\Book My Doctor App\Backend\DoctorsApplication)
2023-08-08T14:35:03.134+05:30  INFO 20468 --- [restartedMain] com.nv.doctorapp.DoctorsApplication      : No active profile set, falling back to 1 default profile: "default"
2023-08-08T14:35:06.571+05:30  INFO 20468 --- [restartedMain] o.apache.catalina.core.StandardService   : Starting service [Tomcat]
2023-08-08T14:35:06.572+05:30  INFO 20468 --- [restartedMain] o.apache.catalina.core.StandardEngine    : Starting Servlet engine: [Apache Tomcat/10.1.11]
2023-08-08T14:35:06.714+05:30  INFO 20468 --- [restartedMain] o.a.c.c.C.[Tomcat].[localhost].[/]       : Initializing Spring embedded WebApplicationContext
2023-08-08T14:35:07.001+05:30  INFO 20468 --- [restartedMain] o.hibernate.jpa.internal.util.LogHelper  : HHH000204: Processing PersistenceUnitInfo [name: default]
2023-08-08T14:35:07.155+05:30  INFO 20468 --- [restartedMain] org.hibernate.Version                    : HHH000412: Hibernate ORM core version 6.2.6.Final
2023-08-08T14:35:07.159+05:30  INFO 20468 --- [restartedMain] org.hibernate.cfg.Environment            : HHH000406: Using bytecode reflection optimizer
2023-08-08T14:35:07.461+05:30  INFO 20468 --- [restartedMain] o.h.b.i.BytecodeProviderInitiator        : HHH000021: Bytecode provider name : bytebuddy
2023-08-08T14:35:07.833+05:30  INFO 20468 --- [restartedMain] com.zaxxer.hikari.HikariDataSource       : HikariPool-1 - Starting...
2023-08-08T14:35:07.840+05:30  WARN 20468 --- [restartedMain] c.zaxxer.hikari.util.DriverDataSource    : Registered driver with driverClassName=com.mysql.jdbc.Driver was not found, trying direct instantiation.
2023-08-08T14:35:08.450+05:30  INFO 20468 --- [restartedMain] com.zaxxer.hikari.pool.HikariPool        : HikariPool-1 - Added connection com.mysql.cj.jdbc.ConnectionImpl@46dc9523
2023-08-08T14:35:08.455+05:30  INFO 20468 --- [restartedMain] com.zaxxer.hikari.HikariDataSource       : HikariPool-1 - Start completed.
2023-08-08T14:35:09.256+05:30  INFO 20468 --- [restartedMain] o.h.b.i.BytecodeProviderInitiator        : HHH000021: Bytecode provider name : bytebuddy
2023-08-08T14:35:10.730+05:30  INFO 20468 --- [restartedMain] o.h.e.t.j.p.i.JtaPlatformInitiator       : HHH000490: Using JtaPlatform implementation: [org.hibernate.engine.transaction.jta.platform.internal.NoJtaPlatform]
2023-08-08T14:35:11.329+05:30  INFO 20468 --- [restartedMain] c.n.d.c.AppointmentRestController        :  Doctor Rest Controller Called
2023-08-08T14:35:11.772+05:30  WARN 20468 --- [restartedMain] ocalVariableTableParameterNameDiscoverer : Using deprecated '-debug' fallback for parameter name resolution. Compile the affected code with '-parameters' instead or avoid its introspection: com.nv.doctorapp.repository.IAppointmentRepository
2023-08-08T14:35:11.934+05:30  INFO 20468 --- [restartedMain] c.n.d.controller.DoctorRestController    :  Doctor Rest Controller Called
2023-08-08T14:35:11.989+05:30  WARN 20468 --- [restartedMain] ocalVariableTableParameterNameDiscoverer : Using deprecated '-debug' fallback for parameter name resolution. Compile the affected code with '-parameters' instead or avoid its introspection: com.nv.doctorapp.repository.IDoctorRepository
2023-08-08T14:35:12.053+05:30  WARN 20468 --- [restartedMain] ocalVariableTableParameterNameDiscoverer : Using deprecated '-debug' fallback for parameter name resolution. Compile the affected code with '-parameters' instead or avoid its introspection: com.nv.doctorapp.repository.IHospitalRepository
2023-08-08T14:35:12.068+05:30  INFO 20468 --- [restartedMain] c.n.d.controller.FeedbackController      : Feedback Controller Called
2023-08-08T14:35:12.103+05:30  WARN 20468 --- [restartedMain] ocalVariableTableParameterNameDiscoverer : Using deprecated '-debug' fallback for parameter name resolution. Compile the affected code with '-parameters' instead or avoid its introspection: com.nv.doctorapp.repository.IFeedbackRepository
2023-08-08T14:35:12.143+05:30  INFO 20468 --- [restartedMain] c.n.d.controller.HospitalController      : Hospital Controller called
2023-08-08T14:35:12.153+05:30  INFO 20468 --- [restartedMain] c.n.d.controller.PatientRestController   :  Patient Rest Controller Called)
2023-08-08T14:35:12.216+05:30  WARN 20468 --- [restartedMain] JpaBaseConfiguration$JpaWebConfiguration : spring.jpa.open-in-view is enabled by default. Therefore, database queries may be performed during view rendering. Explicitly configure spring.jpa.open-in-view to disable this warning
2023-08-08T14:35:13.114+05:30  INFO 20468 --- [restartedMain] com.nv.doctorapp.DoctorsApplication      : Started DoctorsApplication in 10.939 seconds (process running for 12.881)
